# JRE version: OpenJDK Runtime Environment Temurin-21.0.7+6 (21.0.7+6) (build 21.0.7+6-LTS)
# Java VM: OpenJDK 64-Bit Server VM Temurin-21.0.7+6 (21.0.7+6-LTS, mixed mode, sharing, tiered, compressed oops, compressed class ptrs, parallel gc, linux-amd64)
GC Precious Log:
 CardTable entry size: 512
 CPUs: 2 total, 2 available
 Memory: 10671M
 Large Page Support: Disabled
 NUMA Support: Disabled
 Compressed Oops: Enabled (32-bit)
 Alignments: Space 512K, Generation 512K, Heap 2M
 Heap Min Capacity: 100M
 Heap Initial Capacity: 100M
 Heap Max Capacity: 1G
 Pre-touch: Disabled
 Parallel Workers: 2
Heap:
 PSYoungGen      total 26112K, used 10538K [0x00000000eab00000, 0x00000000ee400000, 0x0000000100000000)
  eden space 23552K, 39% used [0x00000000eab00000,0x00000000eb42ebb0,0x00000000ec200000)
  from space 2560K, 44% used [0x00000000edf80000,0x00000000ee09c030,0x00000000ee200000)
  to   space 1536K, 0% used [0x00000000ee280000,0x00000000ee280000,0x00000000ee400000)
 ParOldGen       total 516608K, used 168288K [0x00000000c0000000, 0x00000000df880000, 0x00000000eab00000)
  object space 516608K, 32% used [0x00000000c0000000,0x00000000ca458370,0x00000000df880000)
 Metaspace       used 90742K, committed 92416K, reserved 1179648K
  class space    used 9379K, committed 10112K, reserved 1048576K
GC Heap History (20 events):
Event: 1259,133 GC heap before
{Heap before GC invocations=164 (full 4):
 PSYoungGen      total 30720K, used 29156K [0x00000000eab00000, 0x00000000eec00000, 0x0000000100000000)
  eden space 28672K, 100% used [0x00000000eab00000,0x00000000ec700000,0x00000000ec700000)
  from space 2048K, 23% used [0x00000000ee880000,0x00000000ee8f92d8,0x00000000eea80000)
  to   space 1024K, 0% used [0x00000000eeb00000,0x00000000eeb00000,0x00000000eec00000)
 ParOldGen       total 516608K, used 132318K [0x00000000c0000000, 0x00000000df880000, 0x00000000eab00000)
  object space 516608K, 25% used [0x00000000c0000000,0x00000000c8137a80,0x00000000df880000)
 Metaspace       used 89935K, committed 91648K, reserved 1179648K
  class space    used 9316K, committed 10048K, reserved 1048576K
}
Event: 1259,145 GC heap after
{Heap after GC invocations=164 (full 4):
 PSYoungGen      total 29184K, used 1021K [0x00000000eab00000, 0x00000000eec00000, 0x0000000100000000)
  eden space 28160K, 0% used [0x00000000eab00000,0x00000000eab00000,0x00000000ec680000)
  from space 1024K, 99% used [0x00000000eeb00000,0x00000000eebff7f8,0x00000000eec00000)
  to   space 3072K, 0% used [0x00000000ee600000,0x00000000ee600000,0x00000000ee900000)
 ParOldGen       total 516608K, used 133968K [0x00000000c0000000, 0x00000000df880000, 0x00000000eab00000)
  object space 516608K, 25% used [0x00000000c0000000,0x00000000c82d40d0,0x00000000df880000)
 Metaspace       used 89935K, committed 91648K, reserved 1179648K
  class space    used 9316K, committed 10048K, reserved 1048576K
}
Event: 1260,477 GC heap before
{Heap before GC invocations=165 (full 4):
 PSYoungGen      total 29184K, used 29181K [0x00000000eab00000, 0x00000000eec00000, 0x0000000100000000)
  eden space 28160K, 100% used [0x00000000eab00000,0x00000000ec680000,0x00000000ec680000)
  from space 1024K, 99% used [0x00000000eeb00000,0x00000000eebff7f8,0x00000000eec00000)
  to   space 3072K, 0% used [0x00000000ee600000,0x00000000ee600000,0x00000000ee900000)
 ParOldGen       total 516608K, used 133968K [0x00000000c0000000, 0x00000000df880000, 0x00000000eab00000)
  object space 516608K, 25% used [0x00000000c0000000,0x00000000c82d40d0,0x00000000df880000)
 Metaspace       used 90083K, committed 91776K, reserved 1179648K
  class space    used 9330K, committed 10048K, reserved 1048576K
}
Event: 1260,723 GC heap after
{Heap after GC invocations=165 (full 4):
 PSYoungGen      total 30720K, used 1287K [0x00000000eab00000, 0x00000000eeb80000, 0x0000000100000000)
  eden space 27648K, 0% used [0x00000000eab00000,0x00000000eab00000,0x00000000ec600000)
  from space 3072K, 41% used [0x00000000ee600000,0x00000000ee741d70,0x00000000ee900000)
  to   space 2048K, 0% used [0x00000000ee980000,0x00000000ee980000,0x00000000eeb80000)
 ParOldGen       total 516608K, used 134351K [0x00000000c0000000, 0x00000000df880000, 0x00000000eab00000)
  object space 516608K, 26% used [0x00000000c0000000,0x00000000c8333c78,0x00000000df880000)
 Metaspace       used 90083K, committed 91776K, reserved 1179648K
  class space    used 9330K, committed 10048K, reserved 1048576K
}
Event: 1262,005 GC heap before
{Heap before GC invocations=166 (full 4):
 PSYoungGen      total 30720K, used 28935K [0x00000000eab00000, 0x00000000eeb80000, 0x0000000100000000)
  eden space 27648K, 100% used [0x00000000eab00000,0x00000000ec600000,0x00000000ec600000)
  from space 3072K, 41% used [0x00000000ee600000,0x00000000ee741d70,0x00000000ee900000)
  to   space 2048K, 0% used [0x00000000ee980000,0x00000000ee980000,0x00000000eeb80000)
 ParOldGen       total 516608K, used 134351K [0x00000000c0000000, 0x00000000df880000, 0x00000000eab00000)
  object space 516608K, 26% used [0x00000000c0000000,0x00000000c8333c78,0x00000000df880000)
 Metaspace       used 90130K, committed 91840K, reserved 1179648K
  class space    used 9330K, committed 10048K, reserved 1048576K
}
Event: 1262,057 GC heap after
{Heap after GC invocations=166 (full 4):
 PSYoungGen      total 28672K, used 1152K [0x00000000eab00000, 0x00000000eeb00000, 0x0000000100000000)
  eden space 27136K, 0% used [0x00000000eab00000,0x00000000eab00000,0x00000000ec580000)
  from space 1536K, 75% used [0x00000000ee980000,0x00000000eeaa0020,0x00000000eeb00000)
  to   space 1536K, 0% used [0x00000000ee800000,0x00000000ee800000,0x00000000ee980000)
 ParOldGen       total 516608K, used 135372K [0x00000000c0000000, 0x00000000df880000, 0x00000000eab00000)
  object space 516608K, 26% used [0x00000000c0000000,0x00000000c84330c8,0x00000000df880000)
 Metaspace       used 90130K, committed 91840K, reserved 1179648K
  class space    used 9330K, committed 10048K, reserved 1048576K
}
Event: 1263,928 GC heap before
{Heap before GC invocations=167 (full 4):
 PSYoungGen      total 28672K, used 28288K [0x00000000eab00000, 0x00000000eeb00000, 0x0000000100000000)
  eden space 27136K, 100% used [0x00000000eab00000,0x00000000ec580000,0x00000000ec580000)
  from space 1536K, 75% used [0x00000000ee980000,0x00000000eeaa0020,0x00000000eeb00000)
  to   space 1536K, 0% used [0x00000000ee800000,0x00000000ee800000,0x00000000ee980000)
 ParOldGen       total 516608K, used 135372K [0x00000000c0000000, 0x00000000df880000, 0x00000000eab00000)
  object space 516608K, 26% used [0x00000000c0000000,0x00000000c84330c8,0x00000000df880000)
 Metaspace       used 90173K, committed 91840K, reserved 1179648K
  class space    used 9330K, committed 10048K, reserved 1048576K
}
Event: 1263,936 GC heap after
{Heap after GC invocations=167 (full 4):
 PSYoungGen      total 27136K, used 160K [0x00000000eab00000, 0x00000000eea00000, 0x0000000100000000)
  eden space 26624K, 0% used [0x00000000eab00000,0x00000000eab00000,0x00000000ec500000)
  from space 512K, 31% used [0x00000000ee800000,0x00000000ee828020,0x00000000ee880000)
  to   space 1024K, 0% used [0x00000000ee900000,0x00000000ee900000,0x00000000eea00000)
 ParOldGen       total 516608K, used 136400K [0x00000000c0000000, 0x00000000df880000, 0x00000000eab00000)
  object space 516608K, 26% used [0x00000000c0000000,0x00000000c85342a8,0x00000000df880000)
 Metaspace       used 90173K, committed 91840K, reserved 1179648K
  class space    used 9330K, committed 10048K, reserved 1048576K
}
Event: 1288,512 GC heap before
{Heap before GC invocations=168 (full 4):
 PSYoungGen      total 27136K, used 26784K [0x00000000eab00000, 0x00000000eea00000, 0x0000000100000000)
  eden space 26624K, 100% used [0x00000000eab00000,0x00000000ec500000,0x00000000ec500000)
  from space 512K, 31% used [0x00000000ee800000,0x00000000ee828020,0x00000000ee880000)
  to   space 1024K, 0% used [0x00000000ee900000,0x00000000ee900000,0x00000000eea00000)
 ParOldGen       total 516608K, used 136400K [0x00000000c0000000, 0x00000000df880000, 0x00000000eab00000)
  object space 516608K, 26% used [0x00000000c0000000,0x00000000c85342a8,0x00000000df880000)
 Metaspace       used 90422K, committed 92096K, reserved 1179648K
  class space    used 9353K, committed 10048K, reserved 1048576K
}
Event: 1288,544 GC heap after
{Heap after GC invocations=168 (full 4):
 PSYoungGen      total 27136K, used 1004K [0x00000000eab00000, 0x00000000eea00000, 0x0000000100000000)
  eden space 26112K, 0% used [0x00000000eab00000,0x00000000eab00000,0x00000000ec480000)
  from space 1024K, 98% used [0x00000000ee900000,0x00000000ee9fb0b8,0x00000000eea00000)
  to   space 6144K, 0% used [0x00000000ede00000,0x00000000ede00000,0x00000000ee400000)
 ParOldGen       total 516608K, used 140648K [0x00000000c0000000, 0x00000000df880000, 0x00000000eab00000)
  object space 516608K, 27% used [0x00000000c0000000,0x00000000c895a390,0x00000000df880000)
 Metaspace       used 90422K, committed 92096K, reserved 1179648K
  class space    used 9353K, committed 10048K, reserved 1048576K
}
Event: 1288,801 GC heap before
{Heap before GC invocations=169 (full 4):
 PSYoungGen      total 27136K, used 25481K [0x00000000eab00000, 0x00000000eea00000, 0x0000000100000000)
  eden space 26112K, 93% used [0x00000000eab00000,0x00000000ec2e74f0,0x00000000ec480000)
  from space 1024K, 98% used [0x00000000ee900000,0x00000000ee9fb0b8,0x00000000eea00000)
  to   space 6144K, 0% used [0x00000000ede00000,0x00000000ede00000,0x00000000ee400000)
 ParOldGen       total 516608K, used 140648K [0x00000000c0000000, 0x00000000df880000, 0x00000000eab00000)
  object space 516608K, 27% used [0x00000000c0000000,0x00000000c895a390,0x00000000df880000)
 Metaspace       used 90435K, committed 92096K, reserved 1179648K
  class space    used 9353K, committed 10048K, reserved 1048576K
}
Event: 1288,840 GC heap after
{Heap after GC invocations=169 (full 4):
 PSYoungGen      total 31744K, used 6120K [0x00000000eab00000, 0x00000000ee980000, 0x0000000100000000)
  eden space 25600K, 0% used [0x00000000eab00000,0x00000000eab00000,0x00000000ec400000)
  from space 6144K, 99% used [0x00000000ede00000,0x00000000ee3fa380,0x00000000ee400000)
  to   space 5632K, 0% used [0x00000000ee400000,0x00000000ee400000,0x00000000ee980000)
 ParOldGen       total 516608K, used 141059K [0x00000000c0000000, 0x00000000df880000, 0x00000000eab00000)
  object space 516608K, 27% used [0x00000000c0000000,0x00000000c89c0cf0,0x00000000df880000)
 Metaspace       used 90435K, committed 92096K, reserved 1179648K
  class space    used 9353K, committed 10048K, reserved 1048576K
}
Event: 1288,856 GC heap before
{Heap before GC invocations=170 (full 4):
 PSYoungGen      total 31744K, used 25423K [0x00000000eab00000, 0x00000000ee980000, 0x0000000100000000)
  eden space 25600K, 75% used [0x00000000eab00000,0x00000000ebdd9ba8,0x00000000ec400000)
  from space 6144K, 99% used [0x00000000ede00000,0x00000000ee3fa380,0x00000000ee400000)
  to   space 5632K, 0% used [0x00000000ee400000,0x00000000ee400000,0x00000000ee980000)
 ParOldGen       total 516608K, used 141059K [0x00000000c0000000, 0x00000000df880000, 0x00000000eab00000)
  object space 516608K, 27% used [0x00000000c0000000,0x00000000c89c0cf0,0x00000000df880000)
 Metaspace       used 90436K, committed 92096K, reserved 1179648K
  class space    used 9353K, committed 10048K, reserved 1048576K
}
Event: 1288,878 GC heap after
{Heap after GC invocations=170 (full 4):
 PSYoungGen      total 25600K, used 32K [0x00000000eab00000, 0x00000000ee480000, 0x0000000100000000)
  eden space 25088K, 0% used [0x00000000eab00000,0x00000000eab00000,0x00000000ec380000)
  from space 512K, 6% used [0x00000000ee400000,0x00000000ee408000,0x00000000ee480000)
  to   space 2560K, 0% used [0x00000000edf80000,0x00000000edf80000,0x00000000ee200000)
 ParOldGen       total 516608K, used 166412K [0x00000000c0000000, 0x00000000df880000, 0x00000000eab00000)
  object space 516608K, 32% used [0x00000000c0000000,0x00000000ca2830d0,0x00000000df880000)
 Metaspace       used 90436K, committed 92096K, reserved 1179648K
  class space    used 9353K, committed 10048K, reserved 1048576K
}
Event: 1294,131 GC heap before
{Heap before GC invocations=171 (full 4):
 PSYoungGen      total 25600K, used 25120K [0x00000000eab00000, 0x00000000ee480000, 0x0000000100000000)
  eden space 25088K, 100% used [0x00000000eab00000,0x00000000ec380000,0x00000000ec380000)
  from space 512K, 6% used [0x00000000ee400000,0x00000000ee408000,0x00000000ee480000)
  to   space 2560K, 0% used [0x00000000edf80000,0x00000000edf80000,0x00000000ee200000)
 ParOldGen       total 516608K, used 166412K [0x00000000c0000000, 0x00000000df880000, 0x00000000eab00000)
  object space 516608K, 32% used [0x00000000c0000000,0x00000000ca2830d0,0x00000000df880000)
 Metaspace       used 90489K, committed 92096K, reserved 1179648K
  class space    used 9353K, committed 10048K, reserved 1048576K
}
Event: 1294,133 GC heap after
{Heap after GC invocations=171 (full 4):
 PSYoungGen      total 27136K, used 464K [0x00000000eab00000, 0x00000000ee480000, 0x0000000100000000)
  eden space 24576K, 0% used [0x00000000eab00000,0x00000000eab00000,0x00000000ec300000)
  from space 2560K, 18% used [0x00000000edf80000,0x00000000edff4030,0x00000000ee200000)
  to   space 1024K, 0% used [0x00000000ee380000,0x00000000ee380000,0x00000000ee480000)
 ParOldGen       total 516608K, used 166420K [0x00000000c0000000, 0x00000000df880000, 0x00000000eab00000)
  object space 516608K, 32% used [0x00000000c0000000,0x00000000ca2850d0,0x00000000df880000)
 Metaspace       used 90489K, committed 92096K, reserved 1179648K
  class space    used 9353K, committed 10048K, reserved 1048576K
}
Event: 1320,832 GC heap before
{Heap before GC invocations=172 (full 4):
 PSYoungGen      total 27136K, used 25040K [0x00000000eab00000, 0x00000000ee480000, 0x0000000100000000)
  eden space 24576K, 100% used [0x00000000eab00000,0x00000000ec300000,0x00000000ec300000)
  from space 2560K, 18% used [0x00000000edf80000,0x00000000edff4030,0x00000000ee200000)
  to   space 1024K, 0% used [0x00000000ee380000,0x00000000ee380000,0x00000000ee480000)
 ParOldGen       total 516608K, used 166420K [0x00000000c0000000, 0x00000000df880000, 0x00000000eab00000)
  object space 516608K, 32% used [0x00000000c0000000,0x00000000ca2850d0,0x00000000df880000)
 Metaspace       used 90509K, committed 92160K, reserved 1179648K
  class space    used 9355K, committed 10112K, reserved 1048576K
}
Event: 1320,844 GC heap after
{Heap after GC invocations=172 (full 4):
 PSYoungGen      total 25088K, used 998K [0x00000000eab00000, 0x00000000ee480000, 0x0000000100000000)
  eden space 24064K, 0% used [0x00000000eab00000,0x00000000eab00000,0x00000000ec280000)
  from space 1024K, 97% used [0x00000000ee380000,0x00000000ee479920,0x00000000ee480000)
  to   space 2560K, 0% used [0x00000000edf80000,0x00000000edf80000,0x00000000ee200000)
 ParOldGen       total 516608K, used 167312K [0x00000000c0000000, 0x00000000df880000, 0x00000000eab00000)
  object space 516608K, 32% used [0x00000000c0000000,0x00000000ca364140,0x00000000df880000)
 Metaspace       used 90509K, committed 92160K, reserved 1179648K
  class space    used 9355K, committed 10112K, reserved 1048576K
}
Event: 1339,072 GC heap before
{Heap before GC invocations=173 (full 4):
 PSYoungGen      total 25088K, used 25062K [0x00000000eab00000, 0x00000000ee480000, 0x0000000100000000)
  eden space 24064K, 100% used [0x00000000eab00000,0x00000000ec280000,0x00000000ec280000)
  from space 1024K, 97% used [0x00000000ee380000,0x00000000ee479920,0x00000000ee480000)
  to   space 2560K, 0% used [0x00000000edf80000,0x00000000edf80000,0x00000000ee200000)
 ParOldGen       total 516608K, used 167312K [0x00000000c0000000, 0x00000000df880000, 0x00000000eab00000)
  object space 516608K, 32% used [0x00000000c0000000,0x00000000ca364140,0x00000000df880000)
 Metaspace       used 90667K, committed 92352K, reserved 1179648K
  class space    used 9373K, committed 10112K, reserved 1048576K
}
Event: 1339,431 GC heap after
{Heap after GC invocations=173 (full 4):
 PSYoungGen      total 26112K, used 1136K [0x00000000eab00000, 0x00000000ee400000, 0x0000000100000000)
  eden space 23552K, 0% used [0x00000000eab00000,0x00000000eab00000,0x00000000ec200000)
  from space 2560K, 44% used [0x00000000edf80000,0x00000000ee09c030,0x00000000ee200000)
  to   space 1536K, 0% used [0x00000000ee280000,0x00000000ee280000,0x00000000ee400000)
 ParOldGen       total 516608K, used 168288K [0x00000000c0000000, 0x00000000df880000, 0x00000000eab00000)
  object space 516608K, 32% used [0x00000000c0000000,0x00000000ca458370,0x00000000df880000)
 Metaspace       used 90667K, committed 92352K, reserved 1179648K
  class space    used 9373K, committed 10112K, reserved 1048576K
}

